<?xml version="1.0" encoding="UTF-8"?>
<!-- Generated by org.testng.reporters.JUnitXMLReporter -->
<testsuite ignored="10" hostname="Revs_Device" failures="0" tests="6" name="Test" time="1.521" errors="0" timestamp="2023-08-09T18:41:42 IST">
  <testcase classname="com.saucelab.Testcases.LoginTest" name="Login" time="0.853"/>
  <testcase classname="com.saucelab.Testcases.productPageTest" name="AddItemToCartTest" time="0.134"/>
  <testcase classname="com.saucelab.Testcases.checkOutPageTest" name="shoppingCartTest" time="0.083"/>
  <testcase classname="com.saucelab.Testcases.YourInformationPageTest" name="yourinformationTest" time="0.186"/>
  <testcase classname="com.saucelab.Testcases.OverViewPageTest" name="OverviewTest" time="0.113"/>
  <testcase classname="com.saucelab.Testcases.FinishPageTest" name="FinishTest" time="0.129"/>
  <testcase classname="com.saucelab.base.Base" name="@AfterSuite tearDown" time="0.0">
    <ignored/>
  </testcase> <!-- @AfterSuite tearDown -->
  <testcase classname="com.saucelab.base.Base" name="@BeforeSuite browserSetup" time="0.0">
    <ignored/>
  </testcase> <!-- @BeforeSuite browserSetup -->
  <testcase classname="com.saucelab.base.Base" name="@AfterSuite tearDown" time="0.0">
    <ignored/>
  </testcase> <!-- @AfterSuite tearDown -->
  <testcase classname="com.saucelab.base.Base" name="@BeforeSuite browserSetup" time="0.0">
    <ignored/>
  </testcase> <!-- @BeforeSuite browserSetup -->
  <testcase classname="com.saucelab.base.Base" name="@AfterSuite tearDown" time="0.0">
    <ignored/>
  </testcase> <!-- @AfterSuite tearDown -->
  <testcase classname="com.saucelab.base.Base" name="@AfterSuite tearDown" time="0.0">
    <ignored/>
  </testcase> <!-- @AfterSuite tearDown -->
  <testcase classname="com.saucelab.base.Base" name="@BeforeSuite browserSetup" time="0.0">
    <ignored/>
  </testcase> <!-- @BeforeSuite browserSetup -->
  <testcase classname="com.saucelab.base.Base" name="@BeforeSuite browserSetup" time="0.0">
    <ignored/>
  </testcase> <!-- @BeforeSuite browserSetup -->
  <testcase classname="com.saucelab.base.Base" name="@AfterSuite tearDown" time="0.0">
    <ignored/>
  </testcase> <!-- @AfterSuite tearDown -->
  <testcase classname="com.saucelab.base.Base" name="@BeforeSuite browserSetup" time="0.0">
    <ignored/>
  </testcase> <!-- @BeforeSuite browserSetup -->
</testsuite> <!-- Test -->
