<?xml version="1.0" encoding="UTF-8"?>
<testng-results ignored="0" total="6" passed="6" failed="0" skipped="0">
  <reporter-output>
  </reporter-output>
  <suite started-at="2023-08-09T18:41:40 IST" name="Suite" finished-at="2023-08-09T18:41:42 IST" duration-ms="1521">
    <groups>
    </groups>
    <test started-at="2023-08-09T18:41:40 IST" name="Test" finished-at="2023-08-09T18:41:42 IST" duration-ms="1521">
      <class name="com.saucelab.Testcases.OverViewPageTest">
        <test-method signature="OverviewTest()[pri:4, instance:com.saucelab.Testcases.OverViewPageTest@5890e879]" started-at="2023-08-09T18:41:42 IST" name="OverviewTest" finished-at="2023-08-09T18:41:42 IST" duration-ms="113" status="PASS">
          <reporter-output>
          </reporter-output>
        </test-method> <!-- OverviewTest -->
      </class> <!-- com.saucelab.Testcases.OverViewPageTest -->
      <class name="com.saucelab.Testcases.YourInformationPageTest">
        <test-method signature="yourinformationTest()[pri:3, instance:com.saucelab.Testcases.YourInformationPageTest@6c284af]" started-at="2023-08-09T18:41:41 IST" name="yourinformationTest" finished-at="2023-08-09T18:41:42 IST" duration-ms="186" status="PASS">
          <reporter-output>
          </reporter-output>
        </test-method> <!-- yourinformationTest -->
      </class> <!-- com.saucelab.Testcases.YourInformationPageTest -->
      <class name="com.saucelab.Testcases.FinishPageTest">
        <test-method signature="FinishTest()[pri:5, instance:com.saucelab.Testcases.FinishPageTest@6440112d]" started-at="2023-08-09T18:41:42 IST" name="FinishTest" finished-at="2023-08-09T18:41:42 IST" duration-ms="129" status="PASS">
          <reporter-output>
          </reporter-output>
        </test-method> <!-- FinishTest -->
      </class> <!-- com.saucelab.Testcases.FinishPageTest -->
      <class name="com.saucelab.Testcases.productPageTest">
        <test-method signature="AddItemToCartTest()[pri:1, instance:com.saucelab.Testcases.productPageTest@6e9a5ed8]" started-at="2023-08-09T18:41:41 IST" name="AddItemToCartTest" finished-at="2023-08-09T18:41:41 IST" duration-ms="134" status="PASS">
          <reporter-output>
          </reporter-output>
        </test-method> <!-- AddItemToCartTest -->
      </class> <!-- com.saucelab.Testcases.productPageTest -->
      <class name="com.saucelab.Testcases.LoginTest">
        <test-method is-config="true" signature="browserSetup()[pri:0, instance:com.saucelab.Testcases.LoginTest@5386659f]" started-at="2023-08-09T18:41:38 IST" name="browserSetup" finished-at="2023-08-09T18:41:40 IST" duration-ms="2178" status="PASS">
          <reporter-output>
          </reporter-output>
        </test-method> <!-- browserSetup -->
        <test-method signature="Login()[pri:0, instance:com.saucelab.Testcases.LoginTest@5386659f]" started-at="2023-08-09T18:41:40 IST" name="Login" finished-at="2023-08-09T18:41:41 IST" duration-ms="853" status="PASS">
          <reporter-output>
          </reporter-output>
        </test-method> <!-- Login -->
        <test-method is-config="true" signature="tearDown()[pri:0, instance:com.saucelab.Testcases.LoginTest@5386659f]" started-at="2023-08-09T18:41:42 IST" name="tearDown" finished-at="2023-08-09T18:41:42 IST" duration-ms="72" status="PASS">
          <reporter-output>
          </reporter-output>
        </test-method> <!-- tearDown -->
      </class> <!-- com.saucelab.Testcases.LoginTest -->
      <class name="com.saucelab.Testcases.checkOutPageTest">
        <test-method signature="shoppingCartTest()[pri:2, instance:com.saucelab.Testcases.checkOutPageTest@7e057f43]" started-at="2023-08-09T18:41:41 IST" name="shoppingCartTest" finished-at="2023-08-09T18:41:41 IST" duration-ms="83" status="PASS">
          <reporter-output>
          </reporter-output>
        </test-method> <!-- shoppingCartTest -->
      </class> <!-- com.saucelab.Testcases.checkOutPageTest -->
    </test> <!-- Test -->
  </suite> <!-- Suite -->
</testng-results>
